<?xml version="1.0" encoding="UTF-8"?>
<testng-results ignored="0" total="1" passed="1" failed="0" skipped="0">
  <reporter-output>
  </reporter-output>
  <suite started-at="2025-05-21T18:07:20 IST" name="Suite" finished-at="2025-05-21T18:07:37 IST" duration-ms="17709">
    <groups>
    </groups>
    <test started-at="2025-05-21T18:07:20 IST" name="LogIn" finished-at="2025-05-21T18:07:37 IST" duration-ms="17709">
      <class name="testcase.Login_Existinguser">
        <test-method signature="Login()[pri:2, instance:testcase.Login_Existinguser@3bfc6a5e]" started-at="2025-05-21T18:07:20 IST" name="Login" finished-at="2025-05-21T18:07:37 IST" duration-ms="17651" status="PASS">
          <reporter-output>
          </reporter-output>
        </test-method> <!-- Login -->
      </class> <!-- testcase.Login_Existinguser -->
    </test> <!-- LogIn -->
  </suite> <!-- Suite -->
</testng-results>
